<?xml version="1.0" encoding="UTF-8"?>
<testng-results skipped="0" failed="0" total="1" passed="1">
  <reporter-output>
  </reporter-output>
  <suite name="Default suite" duration-ms="80575" started-at="2021-03-28T09:42:35Z" finished-at="2021-03-28T09:43:56Z">
    <groups>
      <group name="cucumber">
        <method signature="AbstractTestNGCucumberTests.feature(cucumber.api.testng.CucumberFeatureWrapper)[pri:0, instance:com.automation.TestRunner.TestRunners@6d4b1c02]" name="feature" class="cucumber.api.testng.AbstractTestNGCucumberTests"/>
      </group> <!-- cucumber -->
    </groups>
    <test name="Default test" duration-ms="80575" started-at="2021-03-28T09:42:35Z" finished-at="2021-03-28T09:43:56Z">
      <class name="com.automation.TestRunner.TestRunners">
        <test-method status="PASS" signature="setUpClass()[pri:0, instance:com.automation.TestRunner.TestRunners@6d4b1c02]" name="setUpClass" is-config="true" duration-ms="553" started-at="2021-03-28T15:12:35Z" finished-at="2021-03-28T15:12:36Z">
          <reporter-output>
          </reporter-output>
        </test-method> <!-- setUpClass -->
        <test-method status="PASS" signature="feature(cucumber.api.testng.CucumberFeatureWrapper)[pri:0, instance:com.automation.TestRunner.TestRunners@6d4b1c02]" name="feature" duration-ms="79644" started-at="2021-03-28T15:12:36Z" description="Runs Cucumber Feature" data-provider="features" finished-at="2021-03-28T15:13:56Z">
          <params>
            <param index="0">
              <value>
                <![CDATA[To test the data]]>
              </value>
            </param>
          </params>
          <reporter-output>
          </reporter-output>
        </test-method> <!-- feature -->
        <test-method status="PASS" signature="tearDownClass()[pri:0, instance:com.automation.TestRunner.TestRunners@6d4b1c02]" name="tearDownClass" is-config="true" duration-ms="235" started-at="2021-03-28T15:13:56Z" finished-at="2021-03-28T15:13:56Z">
          <reporter-output>
          </reporter-output>
        </test-method> <!-- tearDownClass -->
      </class> <!-- com.automation.TestRunner.TestRunners -->
    </test> <!-- Default test -->
  </suite> <!-- Default suite -->
</testng-results>
